<?xml version="1.0" encoding="UTF-8"?>
<testng-results ignored="0" total="1" passed="1" failed="0" skipped="0">
  <reporter-output>
  </reporter-output>
  <suite started-at="2024-06-14T14:19:24 IST" name="Default suite" finished-at="2024-06-14T14:19:44 IST" duration-ms="19818">
    <groups>
    </groups>
    <test started-at="2024-06-14T14:19:24 IST" name="Default test" finished-at="2024-06-14T14:19:44 IST" duration-ms="19818">
      <class name="ui.DwaeeAdminUsers">
        <test-method signature="Users()[pri:0, instance:ui.DwaeeAdminUsers@1a18644]" started-at="2024-06-14T14:19:24 IST" name="Users" finished-at="2024-06-14T14:19:44 IST" duration-ms="19791" status="PASS">
          <reporter-output>
          </reporter-output>
        </test-method> <!-- Users -->
      </class> <!-- ui.DwaeeAdminUsers -->
    </test> <!-- Default test -->
  </suite> <!-- Default suite -->
</testng-results>
